<?xml version="1.0" encoding="UTF-8"?>
<!-- Generated by org.testng.reporters.JUnitXMLReporter -->
<testsuite hostname="XTEAM-DUCVM4" ignored="0" name="Run On Chrome" tests="2" failures="0" timestamp="16 Feb 2023 08:04:49 GMT" time="4.92" errors="0">
  <testcase name="TC_01_CreateCustomerAndCheckSuccessfully" time="0.477" classname="testcase.bankguru.CheckEnvironment"/>
  <testcase name="TC_02_Edit_CustomerAndCheck" time="0.001" classname="testcase.bankguru.CheckEnvironment"/>
</testsuite> <!-- Run On Chrome -->
