<?xml version="1.0" encoding="UTF-8"?>
<testng-results skipped="0" failed="0" ignored="0" total="2" passed="2">
  <reporter-output>
  </reporter-output>
  <suite name="TestCase" duration-ms="4920" started-at="2023-02-16T08:04:44Z" finished-at="2023-02-16T08:04:49Z">
    <groups>
    </groups>
    <test name="Run On Chrome" duration-ms="4920" started-at="2023-02-16T08:04:44Z" finished-at="2023-02-16T08:04:49Z">
      <class name="testcase.bankguru.CheckEnvironment">
        <test-method status="PASS" signature="beforeClass(java.lang.String, java.lang.String)[pri:0, instance:testcase.bankguru.CheckEnvironment@7894f09b]" name="beforeClass" is-config="true" duration-ms="4330" started-at="2023-02-16T08:04:44Z" finished-at="2023-02-16T08:04:48Z">
          <params>
            <param index="0">
              <value>
                <![CDATA[chrome]]>
              </value>
            </param>
            <param index="1">
              <value>
                <![CDATA[https://admin-demo.nopcommerce.com/]]>
              </value>
            </param>
          </params>
          <reporter-output>
          </reporter-output>
        </test-method> <!-- beforeClass -->
        <test-method status="PASS" signature="TC_01_CreateCustomerAndCheckSuccessfully(java.lang.reflect.Method)[pri:0, instance:testcase.bankguru.CheckEnvironment@7894f09b]" name="TC_01_CreateCustomerAndCheckSuccessfully" duration-ms="477" started-at="2023-02-16T08:04:48Z" finished-at="2023-02-16T08:04:49Z">
          <params>
            <param index="0">
              <value>
                <![CDATA[public void testcase.bankguru.CheckEnvironment.TC_01_CreateCustomerAndCheckSuccessfully(java.lang.reflect.Method)]]>
              </value>
            </param>
          </params>
          <reporter-output>
          </reporter-output>
        </test-method> <!-- TC_01_CreateCustomerAndCheckSuccessfully -->
        <test-method status="PASS" signature="TC_02_Edit_CustomerAndCheck(java.lang.reflect.Method)[pri:0, instance:testcase.bankguru.CheckEnvironment@7894f09b]" name="TC_02_Edit_CustomerAndCheck" duration-ms="1" started-at="2023-02-16T08:04:49Z" finished-at="2023-02-16T08:04:49Z">
          <params>
            <param index="0">
              <value>
                <![CDATA[public void testcase.bankguru.CheckEnvironment.TC_02_Edit_CustomerAndCheck(java.lang.reflect.Method)]]>
              </value>
            </param>
          </params>
          <reporter-output>
          </reporter-output>
        </test-method> <!-- TC_02_Edit_CustomerAndCheck -->
      </class> <!-- testcase.bankguru.CheckEnvironment -->
    </test> <!-- Run On Chrome -->
  </suite> <!-- TestCase -->
</testng-results>
